<?xml version="1.0" encoding="UTF-8"?>
<!-- Generated by org.testng.reporters.JUnitReportReporter -->
<testsuite hostname="ARORASPF142TGR" failures="0" tests="2" name="qaclickacademy.MavenJava.SeleniumTest" time="0.000" errors="0" timestamp="2021-04-12T12:27:58 IST" skipped="0">
  <testcase classname="qaclickacademy.MavenJava.SeleniumTest" name="SeleniumTest_1" time="0.000"/>
  <system-out/>
  <testcase classname="qaclickacademy.MavenJava.SeleniumTest" name="SeleniumTest_2" time="0.000"/>
  <system-out/>
</testsuite> <!-- qaclickacademy.MavenJava.SeleniumTest -->
