<?xml version="1.0" encoding="UTF-8"?>
<!-- Generated by org.testng.reporters.JUnitReportReporter -->
<testsuite hostname="ARORASPF142TGR" failures="0" tests="1" name="qaclickacademy.MavenJava.AppTest" time="0.005" errors="0" timestamp="2021-04-12T12:27:58 IST" skipped="0">
  <testcase classname="qaclickacademy.MavenJava.AppTest" name="shouldAnswerWithTrue" time="0.005"/>
  <system-out/>
</testsuite> <!-- qaclickacademy.MavenJava.AppTest -->
