<?xml version="1.0" encoding="UTF-8"?>
<!-- Generated by org.testng.reporters.JUnitReportReporter -->
<testsuite hostname="ARORASPF142TGR" failures="0" tests="1" name="qaclickacademy.MavenJava.AppiumTest" time="0.016" errors="0" timestamp="2021-04-12T13:14:13 IST" skipped="0">
  <testcase classname="qaclickacademy.MavenJava.AppiumTest" name="AppiumTest_1" time="0.016"/>
  <system-out/>
</testsuite> <!-- qaclickacademy.MavenJava.AppiumTest -->
